Copyright 1986-2018 Xilinx, Inc. All Rights Reserved.
-----------------------------------------------------------------------------------------------------------------------------------------------------------------------------------------
| Tool Version : Vivado v.2018.3 (win64) Build 2405991 Thu Dec  6 23:38:27 MST 2018
| Date         : Wed Feb 12 16:37:59 2020
| Host         : ti-4hk running 64-bit major release  (build 9200)
| Command      : report_methodology -file TopDesign_wrapper_methodology_drc_routed.rpt -pb TopDesign_wrapper_methodology_drc_routed.pb -rpx TopDesign_wrapper_methodology_drc_routed.rpx
| Design       : TopDesign_wrapper
| Device       : xc7z020clg400-1
| Speed File   : -1
| Design State : Fully Routed
-----------------------------------------------------------------------------------------------------------------------------------------------------------------------------------------

Report Methodology

Table of Contents
-----------------
1. REPORT SUMMARY
2. REPORT DETAILS

1. REPORT SUMMARY
-----------------
            Netlist: netlist
          Floorplan: design_1
      Design limits: <entire design considered>
             Max violations: <unlimited>
             Violations found: 6
+-----------+----------+-------------------------------------------------+------------+
| Rule      | Severity | Description                                     | Violations |
+-----------+----------+-------------------------------------------------+------------+
| CKLD-1    | Warning  | Clock Net has non-BUF driver and too many loads | 1          |
| TIMING-18 | Warning  | Missing input or output delay                   | 4          |
| XDCB-5    | Warning  | Runtime inefficient way to find pin objects     | 1          |
+-----------+----------+-------------------------------------------------+------------+

2. REPORT DETAILS
-----------------
CKLD-1#1 Warning
Clock Net has non-BUF driver and too many loads  
Clock net TopDesign_i/processing_system7_0/inst/FCLK_CLK1 is not driven by a Clock Buffer and has more than 512 loads. Driver(s): TopDesign_i/processing_system7_0/inst/PS7_i/FCLKCLK[1]
Related violations: <none>

TIMING-18#1 Warning
Missing input or output delay  
An input delay is missing on mybtn_tri_i[0] relative to clock(s) clk_fpga_0
Related violations: <none>

TIMING-18#2 Warning
Missing input or output delay  
An input delay is missing on mybtn_tri_i[1] relative to clock(s) clk_fpga_0
Related violations: <none>

TIMING-18#3 Warning
Missing input or output delay  
An input delay is missing on mybtn_tri_i[2] relative to clock(s) clk_fpga_0
Related violations: <none>

TIMING-18#4 Warning
Missing input or output delay  
An input delay is missing on mybtn_tri_i[3] relative to clock(s) clk_fpga_0
Related violations: <none>

XDCB-5#1 Warning
Runtime inefficient way to find pin objects  
The option '-through : [get_pins -filter {NAME =~ *SyncAsync*/oSyncStages_reg[0]/D} -hier]' of constraint 'set_false_path' uses inefficient query to find pin objects (see constraint position '2' in the Timing Constraint window in Vivado IDE). To reduce runtime, it is recommended to get the pins through the cell objects. Please refer to Using Constraints Guide (Constraints Efficiency). An example of optimal query is: get_pins -filter {REF_PIN_NAME=~yy*} -of_objects [get_cells -hierarchical xx*].
Current XDC: c:/Users/shinderink/REC/snake/VivadoVideoProcessing/VideoOut/VideoOut.srcs/sources_1/bd/TopDesign/ip/TopDesign_rgb2dvi_0/src/rgb2dvi.xdc (Line: 5)
Related violations: <none>


